<?xml version="1.0" encoding="UTF-8"?>
<testsuite xmlns:xsi="http://www.w3.org/2001/XMLSchema-instance" xsi:noNamespaceSchemaLocation="https://maven.apache.org/surefire/maven-surefire-plugin/xsd/surefire-test-report.xsd" version="3.0.2" name="com.example.currencyinsights.service.TransactionServiceTest" time="0.414" tests="2" errors="0" skipped="0" failures="0">
  <properties>
[...]
</properties>
  <testcase name="analyze_shouldMarkSuspiciousIfAboveThreshold" classname="com.example.currencyinsights.service.TransactionServiceTest" time="0.406"/>
  <testcase name="analyze_shouldConvertAndDetectSuspiciousCorrectly" classname="com.example.currencyinsights.service.TransactionServiceTest" time="0.001"/>
</testsuite>